[2024-09-16 03:12:40] [[31merror[39m] username: 17965 logged in failed due to wrong credentials information
[2024-09-16 08:29:35] [[31merror[39m] Cannot read properties of undefined (reading 'password')
[2024-09-16 08:29:52] [[31merror[39m] Cannot read properties of undefined (reading 'password')
[2024-09-16 08:30:02] [[31merror[39m] Cannot read properties of undefined (reading 'password')
[2024-09-16 08:30:41] [[31merror[39m] Cannot read properties of undefined (reading 'password')
[2024-09-16 09:16:17] [[31merror[39m] Cannot read properties of undefined (reading 'password')
[2024-09-16 16:32:50] [[31merror[39m] Cannot read properties of undefined (reading 'password')
[2024-09-16 16:32:51] [[31merror[39m] Cannot read properties of undefined (reading 'password')
[2024-09-16 16:39:33] [[31merror[39m] Cannot read properties of undefined (reading 'password')
[2024-09-18 22:45:02] [[31merror[39m] TokenManager is not a function
[2024-09-18 22:46:04] [[31merror[39m] TokenManager is not a function
[2024-09-18 22:46:31] [[31merror[39m] role_name is not defined
[2024-09-18 23:31:35] [[31merror[39m] Please specify the user roles!
[2024-09-18 23:38:58] [[31merror[39m] Please specify the user roles!
[2024-09-20 00:50:42] [[31merror[39m] username: 17965 logged in failed due to wrong credentials information
[2024-09-20 00:53:40] [[31merror[39m] username: 17965 logged in failed due to wrong credentials information
[2024-09-20 00:56:18] [[31merror[39m] username: 17965 logged in failed due to wrong credentials information
[2024-09-20 00:58:25] [[31merror[39m] username: 17965 logged in failed due to wrong credentials information
[2024-09-20 01:02:12] [[31merror[39m] username: 17965 logged in failed due to wrong credentials information
[2024-09-20 01:02:28] [[31merror[39m] username: 17965 logged in failed due to wrong credentials information
[2024-09-20 01:02:54] [[31merror[39m] username: 17965 logged in failed due to wrong credentials information
[2024-09-20 01:02:56] [[31merror[39m] Cannot read properties of undefined (reading 'password')
[2024-09-20 01:02:57] [[31merror[39m] Cannot read properties of undefined (reading 'password')
[2024-09-20 01:02:57] [[31merror[39m] Cannot read properties of undefined (reading 'password')
[2024-09-20 01:02:59] [[31merror[39m] Cannot read properties of undefined (reading 'password')
[2024-09-20 01:04:38] [[31merror[39m] username: 17965 logged in failed due to wrong credentials information
[2024-09-20 01:04:49] [[31merror[39m] Cannot read properties of undefined (reading 'password')
[2024-09-20 01:04:54] [[31merror[39m] Cannot read properties of undefined (reading 'password')
[2024-09-20 01:05:30] [[31merror[39m] username: 17965 logged in failed due to wrong credentials information
[2024-09-20 01:08:18] [[31merror[39m] username: 17965 logged in failed due to wrong credentials information
[2024-09-20 01:09:30] [[31merror[39m] username: 17965 logged in failed due to wrong credentials information
[2024-09-20 01:10:17] [[31merror[39m] username: 17965 logged in failed due to wrong credentials information
[2024-09-20 01:11:22] [[31merror[39m] username: 17965 logged in failed due to wrong credentials information
[2024-09-20 01:11:36] [[31merror[39m] Cannot read properties of undefined (reading 'password')
[2024-09-20 02:09:47] [[31merror[39m] 
[2024-09-20 02:40:02] [[31merror[39m] username: 17965 logged in failed due to wrong credentials information
[2024-09-20 02:50:45] [[31merror[39m] username: 17965 logged in failed due to wrong credentials information
[2024-09-20 02:50:48] [[31merror[39m] username: 17965 logged in failed due to wrong credentials information
